<?xml version="1.0" encoding="UTF-8"?>
<TestRun id="d9dc3bae-b6ff-4776-b8e1-e35ca5a85d18" name="SONY@SONY-VAIO 2016-05-29 21:54:59" runUser="SONY-VAIO\SONY" xmlns="http://microsoft.com/schemas/VisualStudio/TeamTest/2010">
  <TestSettings name="Default Test Settings" id="8cb22ca4-474c-4124-9c4a-dc326e0a0a19">
    <Execution>
      <TestTypeSpecific />
      <AgentRule name="Execution Agents">
      </AgentRule>
    </Execution>
    <Deployment runDeploymentRoot="SONY_SONY-VAIO 2016-05-29 21_54_59" />
  </TestSettings>
  <Times creation="2016-05-29T21:54:59.5204639+05:30" queuing="2016-05-29T21:55:02.5346363+05:30" start="2016-05-29T21:55:03.3686840+05:30" finish="2016-05-29T21:55:06.9748902+05:30" />
  <ResultSummary outcome="NotRunnable">
    <Counters total="3" executed="2" passed="2" error="0" failed="0" timeout="0" aborted="0" inconclusive="0" passedButRunAborted="0" notRunnable="1" notExecuted="0" disconnected="0" warning="0" completed="0" inProgress="0" pending="0" />
    <RunInfos>
      <RunInfo computerName="SONY-VAIO" outcome="Warning" timestamp="2016-05-29T21:55:02.3506257+05:30">
        <Text>Warning: Test Run deployment issue: The assembly or module 'Org.Mentalis.Security.Cryptography' directly or indirectly referenced by the test container 'C:\Users\SONY\Documents\Visual Studio 2012\Projects\Mvc_POC\UnitTestProject1\bin\Debug\unittestproject1.dll' was not found.</Text>
      </RunInfo>
    </RunInfos>
  </ResultSummary>
  <TestDefinitions>
    <UnitTest name="AddNewEmployee" storage="unittestproject1.dll" id="2f69fce4-5948-7643-1c73-0b7a042147ab">
      <Execution id="f2dc33b8-5240-4b96-b9ca-fa455f9fec12" />
      <TestMethod codeBase="C:/Users/SONY/Documents/Visual Studio 2012/Projects/Mvc_POC/UnitTestProject1/bin/Debug/UnitTestProject1.dll" adapterTypeName="Microsoft.VisualStudio.TestTools.TestTypes.Unit.UnitTestAdapter, Microsoft.VisualStudio.QualityTools.Tips.UnitTest.Adapter, Version=11.0.0.0, Culture=neutral, PublicKeyToken=b03f5f7f11d50a3a" className="UnitTestProject1.UnitTest1, UnitTestProject1, Version=1.0.0.0, Culture=neutral, PublicKeyToken=null" name="AddNewEmployee" />
    </UnitTest>
    <UnitTest name="Employee_Get_All" storage="unittestproject1.dll" id="66ad3566-a211-db90-e2c5-398ca4424d96">
      <Execution id="34c2d0c9-aa43-45b6-9231-3c8031b87317" />
      <TestMethod codeBase="C:/Users/SONY/Documents/Visual Studio 2012/Projects/Mvc_POC/UnitTestProject1/bin/Debug/UnitTestProject1.dll" adapterTypeName="Microsoft.VisualStudio.TestTools.TestTypes.Unit.UnitTestAdapter, Microsoft.VisualStudio.QualityTools.Tips.UnitTest.Adapter, Version=11.0.0.0, Culture=neutral, PublicKeyToken=b03f5f7f11d50a3a" className="UnitTestProject1.ControllerTesting, UnitTestProject1, Version=1.0.0.0, Culture=neutral, PublicKeyToken=null" name="Employee_Get_All" />
    </UnitTest>
    <UnitTest name="TestGetAllMethod" storage="unittestproject1.dll" id="179dccdd-0f40-ea05-1d10-2bf357207c8d">
      <Execution id="a23d1cfa-3b41-431e-8758-dbb3a4f07651" />
      <TestMethod codeBase="C:/Users/SONY/Documents/Visual Studio 2012/Projects/Mvc_POC/UnitTestProject1/bin/Debug/UnitTestProject1.dll" adapterTypeName="Microsoft.VisualStudio.TestTools.TestTypes.Unit.UnitTestAdapter, Microsoft.VisualStudio.QualityTools.Tips.UnitTest.Adapter, Version=11.0.0.0, Culture=neutral, PublicKeyToken=b03f5f7f11d50a3a" className="UnitTestProject1.UnitTest1, UnitTestProject1, Version=1.0.0.0, Culture=neutral, PublicKeyToken=null" name="TestGetAllMethod" />
    </UnitTest>
  </TestDefinitions>
  <TestLists>
    <TestList name="Results Not in a List" id="8c84fa94-04c1-424b-9868-57a2d4851a1d" />
    <TestList name="All Loaded Results" id="19431567-8539-422a-85d7-44ee4e166bda" />
  </TestLists>
  <TestEntries>
    <TestEntry testId="66ad3566-a211-db90-e2c5-398ca4424d96" executionId="34c2d0c9-aa43-45b6-9231-3c8031b87317" testListId="8c84fa94-04c1-424b-9868-57a2d4851a1d" />
    <TestEntry testId="2f69fce4-5948-7643-1c73-0b7a042147ab" executionId="f2dc33b8-5240-4b96-b9ca-fa455f9fec12" testListId="8c84fa94-04c1-424b-9868-57a2d4851a1d" />
    <TestEntry testId="179dccdd-0f40-ea05-1d10-2bf357207c8d" executionId="a23d1cfa-3b41-431e-8758-dbb3a4f07651" testListId="8c84fa94-04c1-424b-9868-57a2d4851a1d" />
  </TestEntries>
  <Results>
    <UnitTestResult executionId="34c2d0c9-aa43-45b6-9231-3c8031b87317" testId="66ad3566-a211-db90-e2c5-398ca4424d96" testName="Employee_Get_All" computerName="SONY-VAIO" testType="13cdc9d9-ddb5-4fa4-a97d-d965ccfc6d4b" outcome="NotRunnable" testListId="8c84fa94-04c1-424b-9868-57a2d4851a1d" relativeResultsDirectory="34c2d0c9-aa43-45b6-9231-3c8031b87317">
      <Output>
        <ErrorInfo>
          <Message>UTA004: Illegal use of attribute on UnitTestProject1.ControllerTesting.Employee_Get_All. The TestMethodAttribute can be defined only inside a class marked with the TestClass attribute.</Message>
        </ErrorInfo>
      </Output>
    </UnitTestResult>
    <UnitTestResult executionId="f2dc33b8-5240-4b96-b9ca-fa455f9fec12" testId="2f69fce4-5948-7643-1c73-0b7a042147ab" testName="AddNewEmployee" computerName="SONY-VAIO" duration="00:00:00.5651722" startTime="2016-05-29T21:55:03.6957027+05:30" endTime="2016-05-29T21:55:06.3788561+05:30" testType="13cdc9d9-ddb5-4fa4-a97d-d965ccfc6d4b" outcome="Passed" testListId="8c84fa94-04c1-424b-9868-57a2d4851a1d" relativeResultsDirectory="f2dc33b8-5240-4b96-b9ca-fa455f9fec12">
    </UnitTestResult>
    <UnitTestResult executionId="a23d1cfa-3b41-431e-8758-dbb3a4f07651" testId="179dccdd-0f40-ea05-1d10-2bf357207c8d" testName="TestGetAllMethod" computerName="SONY-VAIO" duration="00:00:00.1807685" startTime="2016-05-29T21:55:06.4228587+05:30" endTime="2016-05-29T21:55:06.6338707+05:30" testType="13cdc9d9-ddb5-4fa4-a97d-d965ccfc6d4b" outcome="Passed" testListId="8c84fa94-04c1-424b-9868-57a2d4851a1d" relativeResultsDirectory="a23d1cfa-3b41-431e-8758-dbb3a4f07651">
    </UnitTestResult>
  </Results>
</TestRun>