<?xml version="1.0" encoding="utf-8" standalone="no"?>
<!--This file represents the results of running a test suite-->
<test-results name="C:\Users\SONY\Documents\Visual Studio 2012\Projects\Mvc_POC\UnitTestProject1\bin\Debug\UnitTestProject1.dll" total="1" errors="0" failures="0" not-run="0" inconclusive="0" ignored="0" skipped="0" invalid="0" date="2016-05-29" time="23:08:59">
  <environment nunit-version="2.6.3.13283" clr-version="2.0.50727.5485" os-version="Microsoft Windows NT 6.1.7601 Service Pack 1" platform="Win32NT" cwd="C:\Program Files (x86)\NUnit 2.6.3\bin" machine-name="SONY-VAIO" user="SONY" user-domain="SONY-VAIO" />
  <culture-info current-culture="en-IN" current-uiculture="en-US" />
  <test-suite type="Assembly" name="C:\Users\SONY\Documents\Visual Studio 2012\Projects\Mvc_POC\UnitTestProject1\bin\Debug\UnitTestProject1.dll" executed="True" result="Success" success="True" time="3.170" asserts="0">
    <results>
      <test-suite type="Namespace" name="UnitTestProject1" executed="True" result="Success" success="True" time="3.100" asserts="0">
        <results>
          <test-suite type="TestFixture" name="ControllerTest" executed="True" result="Success" success="True" time="3.089" asserts="0">
            <results>
              <test-case name="UnitTestProject1.ControllerTest.Employee_Get_All" executed="True" result="Success" success="True" time="3.035" asserts="2" />
            </results>
          </test-suite>
        </results>
      </test-suite>
    </results>
  </test-suite>
</test-results>